<?xml version="1.0" encoding="UTF-8" ?>
<testsuite tests="7" failures="3" name="TestSuite" time="53.069" errors="0" skipped="0">
  <properties>
[...]
</properties>
  <testcase classname="com.genie.qa.testcases.HomePageTest" name="ClickOnUserLink" time="2.446"/>
  <testcase classname="com.genie.qa.testcases.HomePageTest" name="ValidateHomePageTitle" time="0.01">
    <failure message="Title Mismatch expected [Home - Genie] but found [Genie]" type="java.lang.AssertionError">java.lang.AssertionError: Title Mismatch expected [Home - Genie] but found [Genie]
	at org.testng.Assert.fail(Assert.java:93)
	at org.testng.Assert.failNotEquals(Assert.java:512)
	at org.testng.Assert.assertEqualsImpl(Assert.java:134)
	at org.testng.Assert.assertEquals(Assert.java:115)
	at org.testng.Assert.assertEquals(Assert.java:189)
	at com.genie.qa.testcases.HomePageTest.ValidateHomePageTitle(HomePageTest.java:39)
</failure>
    <system-out>Before navigating to: &apos;https://use.estdev.cloud/login&apos;
Navigated to:&apos;https://use.estdev.cloud/login&apos;
Trying to find Element By : By.id: email
Found Element By : By.id: email
Trying to find Element By : By.id: password
Found Element By : By.id: password
Trying to find Element By : By.id: btnLogin
Found Element By : By.id: btnLogin
Trying to click on: [[ChromeDriver: chrome on WINDOWS (a13aab8b94c7339e24e5cf42bf729b2b)] -&gt; id: btnLogin]
Clicked on: [[ChromeDriver: chrome on WINDOWS (a13aab8b94c7339e24e5cf42bf729b2b)] -&gt; id: btnLogin]
</system-out>
    <system-err>Starting ChromeDriver 94.0.4606.61 (418b78f5838ed0b1c69bb4e51ea0252171854915-refs/branch-heads/4606@{#1204}) on port 23017
Only local connections are allowed.
Please see https://chromedriver.chromium.org/security-considerations for suggestions on keeping ChromeDriver safe.
ChromeDriver was started successfully.
Sep 29, 2021 2:18:31 PM org.openqa.selenium.remote.ProtocolHandshake createSession
INFO: Detected dialect: W3C
</system-err>
  </testcase>
  <testcase classname="com.genie.qa.testcases.HomePageTest" name="ValidateLoggedUser" time="0.281"/>
  <testcase classname="com.genie.qa.testcases.UserPageTest" name="CreateNewUser" time="23.974">
    <failure message="no such element: Unable to locate element: {&quot;method&quot;:&quot;xpath&quot;,&quot;selector&quot;:&quot;//b[contains(text(),&apos;Samiksha12&apos;)]&quot;}
  (Session info: chrome=94.0.4606.61)
For documentation on this error, please visit: https://www.seleniumhq.org/exceptions/no_such_element.html
Build info: version: &apos;3.141.59&apos;, revision: &apos;e82be7d358&apos;, time: &apos;2018-11-14T08:17:03&apos;
System info: host: &apos;LAPTOP-0K684P64&apos;, ip: &apos;192.168.1.5&apos;, os.name: &apos;Windows 10&apos;, os.arch: &apos;amd64&apos;, os.version: &apos;10.0&apos;, java.version: &apos;11.0.10&apos;
Driver info: org.openqa.selenium.chrome.ChromeDriver
Capabilities {acceptInsecureCerts: false, browserName: chrome, browserVersion: 94.0.4606.61, chrome: {chromedriverVersion: 94.0.4606.61 (418b78f5838ed..., userDataDir: C:\Users\MUTHAR~1\AppData\L...}, goog:chromeOptions: {debuggerAddress: localhost:57518}, javascriptEnabled: true, networkConnectionEnabled: false, pageLoadStrategy: normal, platform: WINDOWS, platformName: WINDOWS, proxy: Proxy(), setWindowRect: true, strictFileInteractability: false, timeouts: {implicit: 0, pageLoad: 300000, script: 30000}, unhandledPromptBehavior: dismiss and notify, webauthn:extension:credBlob: true, webauthn:extension:largeBlob: true, webauthn:virtualAuthenticators: true}
Session ID: 0eba496e18d3d3668f585403cd17038c
*** Element info: {Using=xpath, value=//b[contains(text(),&apos;Samiksha12&apos;)]}" type="org.openqa.selenium.NoSuchElementException">org.openqa.selenium.NoSuchElementException: no such element: Unable to locate element: {&quot;method&quot;:&quot;xpath&quot;,&quot;selector&quot;:&quot;//b[contains(text(),&apos;Samiksha12&apos;)]&quot;}
  (Session info: chrome=94.0.4606.61)
For documentation on this error, please visit: https://www.seleniumhq.org/exceptions/no_such_element.html
Build info: version: &apos;3.141.59&apos;, revision: &apos;e82be7d358&apos;, time: &apos;2018-11-14T08:17:03&apos;
System info: host: &apos;LAPTOP-0K684P64&apos;, ip: &apos;192.168.1.5&apos;, os.name: &apos;Windows 10&apos;, os.arch: &apos;amd64&apos;, os.version: &apos;10.0&apos;, java.version: &apos;11.0.10&apos;
Driver info: org.openqa.selenium.chrome.ChromeDriver
Capabilities {acceptInsecureCerts: false, browserName: chrome, browserVersion: 94.0.4606.61, chrome: {chromedriverVersion: 94.0.4606.61 (418b78f5838ed..., userDataDir: C:\Users\MUTHAR~1\AppData\L...}, goog:chromeOptions: {debuggerAddress: localhost:57518}, javascriptEnabled: true, networkConnectionEnabled: false, pageLoadStrategy: normal, platform: WINDOWS, platformName: WINDOWS, proxy: Proxy(), setWindowRect: true, strictFileInteractability: false, timeouts: {implicit: 0, pageLoad: 300000, script: 30000}, unhandledPromptBehavior: dismiss and notify, webauthn:extension:credBlob: true, webauthn:extension:largeBlob: true, webauthn:virtualAuthenticators: true}
Session ID: 0eba496e18d3d3668f585403cd17038c
*** Element info: {Using=xpath, value=//b[contains(text(),&apos;Samiksha12&apos;)]}
	at java.base/jdk.internal.reflect.NativeConstructorAccessorImpl.newInstance0(Native Method)
	at java.base/jdk.internal.reflect.NativeConstructorAccessorImpl.newInstance(NativeConstructorAccessorImpl.java:62)
	at java.base/jdk.internal.reflect.DelegatingConstructorAccessorImpl.newInstance(DelegatingConstructorAccessorImpl.java:45)
	at java.base/java.lang.reflect.Constructor.newInstance(Constructor.java:490)
	at org.openqa.selenium.remote.http.W3CHttpResponseCodec.createException(W3CHttpResponseCodec.java:187)
	at org.openqa.selenium.remote.http.W3CHttpResponseCodec.decode(W3CHttpResponseCodec.java:122)
	at org.openqa.selenium.remote.http.W3CHttpResponseCodec.decode(W3CHttpResponseCodec.java:49)
	at org.openqa.selenium.remote.HttpCommandExecutor.execute(HttpCommandExecutor.java:158)
	at org.openqa.selenium.remote.service.DriverCommandExecutor.execute(DriverCommandExecutor.java:83)
	at org.openqa.selenium.remote.RemoteWebDriver.execute(RemoteWebDriver.java:552)
	at org.openqa.selenium.remote.RemoteWebDriver.findElement(RemoteWebDriver.java:323)
	at org.openqa.selenium.remote.RemoteWebDriver.findElementByXPath(RemoteWebDriver.java:428)
	at org.openqa.selenium.By$ByXPath.findElement(By.java:353)
	at org.openqa.selenium.remote.RemoteWebDriver.findElement(RemoteWebDriver.java:315)
	at jdk.internal.reflect.GeneratedMethodAccessor4.invoke(Unknown Source)
	at java.base/jdk.internal.reflect.DelegatingMethodAccessorImpl.invoke(DelegatingMethodAccessorImpl.java:43)
	at java.base/java.lang.reflect.Method.invoke(Method.java:566)
	at org.openqa.selenium.support.events.EventFiringWebDriver.lambda$new$1(EventFiringWebDriver.java:105)
	at com.sun.proxy.$Proxy8.findElement(Unknown Source)
	at org.openqa.selenium.support.events.EventFiringWebDriver.findElement(EventFiringWebDriver.java:194)
	at com.genie.qa.testcases.UserPageTest.CreateNewUser(UserPageTest.java:68)
</failure>
    <system-out>Before navigating to: &apos;https://use.estdev.cloud/login&apos;
Navigated to:&apos;https://use.estdev.cloud/login&apos;
Trying to find Element By : By.id: email
Found Element By : By.id: email
Trying to find Element By : By.id: password
Found Element By : By.id: password
Trying to find Element By : By.id: btnLogin
Found Element By : By.id: btnLogin
Trying to click on: [[ChromeDriver: chrome on WINDOWS (0eba496e18d3d3668f585403cd17038c)] -&gt; id: btnLogin]
Clicked on: [[ChromeDriver: chrome on WINDOWS (0eba496e18d3d3668f585403cd17038c)] -&gt; id: btnLogin]
Trying to find Element By : By.xpath: //body/div[@id=&apos;app&apos;]/div[1]/div[1]/div[1]/ul[1]/div[1]/li[7]/div[1]/a[1]
Found Element By : By.xpath: //body/div[@id=&apos;app&apos;]/div[1]/div[1]/div[1]/ul[1]/div[1]/li[7]/div[1]/a[1]
Trying to click on: [[ChromeDriver: chrome on WINDOWS (0eba496e18d3d3668f585403cd17038c)] -&gt; xpath: //body/div[@id=&apos;app&apos;]/div[1]/div[1]/div[1]/ul[1]/div[1]/li[7]/div[1]/a[1]]
Clicked on: [[ChromeDriver: chrome on WINDOWS (0eba496e18d3d3668f585403cd17038c)] -&gt; xpath: //body/div[@id=&apos;app&apos;]/div[1]/div[1]/div[1]/ul[1]/div[1]/li[7]/div[1]/a[1]]
Trying to find Element By : By.xpath: //a[text()=&apos;User &apos;]
Found Element By : By.xpath: //a[text()=&apos;User &apos;]
Trying to click on: [[ChromeDriver: chrome on WINDOWS (0eba496e18d3d3668f585403cd17038c)] -&gt; xpath: //a[text()=&apos;User &apos;]]
Clicked on: [[ChromeDriver: chrome on WINDOWS (0eba496e18d3d3668f585403cd17038c)] -&gt; xpath: //a[text()=&apos;User &apos;]]
Trying to find Element By : By.xpath: //button[@id=&apos;btnNewUser&apos;]
Found Element By : By.xpath: //button[@id=&apos;btnNewUser&apos;]
Trying to click on: [[ChromeDriver: chrome on WINDOWS (0eba496e18d3d3668f585403cd17038c)] -&gt; xpath: //button[@id=&apos;btnNewUser&apos;]]
Clicked on: [[ChromeDriver: chrome on WINDOWS (0eba496e18d3d3668f585403cd17038c)] -&gt; xpath: //button[@id=&apos;btnNewUser&apos;]]
Trying to find Element By : By.xpath: //input[@id=&apos;fname&apos;]
Found Element By : By.xpath: //input[@id=&apos;fname&apos;]
Trying to find Element By : By.xpath: //input[@id=&apos;lname&apos;]
Found Element By : By.xpath: //input[@id=&apos;lname&apos;]
Trying to find Element By : By.xpath: //input[@id=&apos;email&apos;]
Found Element By : By.xpath: //input[@id=&apos;email&apos;]
Trying to find Element By : By.xpath: //input[@id=&apos;phone_number&apos;]
Found Element By : By.xpath: //input[@id=&apos;phone_number&apos;]
Trying to find Element By : By.xpath: //select[@id=&apos;selectCompanyUser&apos;]
Found Element By : By.xpath: //select[@id=&apos;selectCompanyUser&apos;]
Trying to click on: [[ChromeDriver: chrome on WINDOWS (0eba496e18d3d3668f585403cd17038c)] -&gt; xpath: //select[@id=&apos;selectCompanyUser&apos;]]
Clicked on: [[ChromeDriver: chrome on WINDOWS (0eba496e18d3d3668f585403cd17038c)] -&gt; xpath: //select[@id=&apos;selectCompanyUser&apos;]]
Trying to find Element By : By.xpath: //select[@id=&apos;selectCompanyUser&apos;]//option[text()=&quot;Est&apos;s  Firm(test)&quot;]
Found Element By : By.xpath: //select[@id=&apos;selectCompanyUser&apos;]//option[text()=&quot;Est&apos;s  Firm(test)&quot;]
Trying to click on: [[ChromeDriver: chrome on WINDOWS (0eba496e18d3d3668f585403cd17038c)] -&gt; xpath: //select[@id=&apos;selectCompanyUser&apos;]//option[text()=&quot;Est&apos;s  Firm(test)&quot;]]
Clicked on: [[ChromeDriver: chrome on WINDOWS (0eba496e18d3d3668f585403cd17038c)] -&gt; xpath: //select[@id=&apos;selectCompanyUser&apos;]//option[text()=&quot;Est&apos;s  Firm(test)&quot;]]
Trying to find Element By : By.xpath: //label[contains(text(),&apos;Firm User&apos;)]
Found Element By : By.xpath: //label[contains(text(),&apos;Firm User&apos;)]
Trying to click on: [[ChromeDriver: chrome on WINDOWS (0eba496e18d3d3668f585403cd17038c)] -&gt; xpath: //label[contains(text(),&apos;Firm User&apos;)]]
Clicked on: [[ChromeDriver: chrome on WINDOWS (0eba496e18d3d3668f585403cd17038c)] -&gt; xpath: //label[contains(text(),&apos;Firm User&apos;)]]
Trying to find Element By : By.xpath: //button[@id=&apos;saveNewUserId&apos;]
Found Element By : By.xpath: //button[@id=&apos;saveNewUserId&apos;]
Trying to click on: [[ChromeDriver: chrome on WINDOWS (0eba496e18d3d3668f585403cd17038c)] -&gt; xpath: //button[@id=&apos;saveNewUserId&apos;]]
Clicked on: [[ChromeDriver: chrome on WINDOWS (0eba496e18d3d3668f585403cd17038c)] -&gt; xpath: //button[@id=&apos;saveNewUserId&apos;]]
Trying to find Element By : By.xpath: //b[contains(text(),&apos;Samiksha12&apos;)]
Exception occured: org.openqa.selenium.NoSuchElementException: no such element: Unable to locate element: {&quot;method&quot;:&quot;xpath&quot;,&quot;selector&quot;:&quot;//b[contains(text(),&apos;Samiksha12&apos;)]&quot;}
  (Session info: chrome=94.0.4606.61)
For documentation on this error, please visit: https://www.seleniumhq.org/exceptions/no_such_element.html
Build info: version: &apos;3.141.59&apos;, revision: &apos;e82be7d358&apos;, time: &apos;2018-11-14T08:17:03&apos;
System info: host: &apos;LAPTOP-0K684P64&apos;, ip: &apos;192.168.1.5&apos;, os.name: &apos;Windows 10&apos;, os.arch: &apos;amd64&apos;, os.version: &apos;10.0&apos;, java.version: &apos;11.0.10&apos;
Driver info: org.openqa.selenium.chrome.ChromeDriver
Capabilities {acceptInsecureCerts: false, browserName: chrome, browserVersion: 94.0.4606.61, chrome: {chromedriverVersion: 94.0.4606.61 (418b78f5838ed..., userDataDir: C:\Users\MUTHAR~1\AppData\L...}, goog:chromeOptions: {debuggerAddress: localhost:57518}, javascriptEnabled: true, networkConnectionEnabled: false, pageLoadStrategy: normal, platform: WINDOWS, platformName: WINDOWS, proxy: Proxy(), setWindowRect: true, strictFileInteractability: false, timeouts: {implicit: 0, pageLoad: 300000, script: 30000}, unhandledPromptBehavior: dismiss and notify, webauthn:extension:credBlob: true, webauthn:extension:largeBlob: true, webauthn:virtualAuthenticators: true}
Session ID: 0eba496e18d3d3668f585403cd17038c
*** Element info: {Using=xpath, value=//b[contains(text(),&apos;Samiksha12&apos;)]}
</system-out>
    <system-err>Starting ChromeDriver 94.0.4606.61 (418b78f5838ed0b1c69bb4e51ea0252171854915-refs/branch-heads/4606@{#1204}) on port 24286
Only local connections are allowed.
Please see https://chromedriver.chromium.org/security-considerations for suggestions on keeping ChromeDriver safe.
ChromeDriver was started successfully.
Sep 29, 2021 2:18:40 PM org.openqa.selenium.remote.ProtocolHandshake createSession
INFO: Detected dialect: W3C
</system-err>
  </testcase>
  <testcase classname="com.genie.qa.testcases.UserPageTest" name="CreateNewUser" time="24.15">
    <failure message="no such element: Unable to locate element: {&quot;method&quot;:&quot;xpath&quot;,&quot;selector&quot;:&quot;//b[contains(text(),&apos;Sreenika12&apos;)]&quot;}
  (Session info: chrome=94.0.4606.61)
For documentation on this error, please visit: https://www.seleniumhq.org/exceptions/no_such_element.html
Build info: version: &apos;3.141.59&apos;, revision: &apos;e82be7d358&apos;, time: &apos;2018-11-14T08:17:03&apos;
System info: host: &apos;LAPTOP-0K684P64&apos;, ip: &apos;192.168.1.5&apos;, os.name: &apos;Windows 10&apos;, os.arch: &apos;amd64&apos;, os.version: &apos;10.0&apos;, java.version: &apos;11.0.10&apos;
Driver info: org.openqa.selenium.chrome.ChromeDriver
Capabilities {acceptInsecureCerts: false, browserName: chrome, browserVersion: 94.0.4606.61, chrome: {chromedriverVersion: 94.0.4606.61 (418b78f5838ed..., userDataDir: C:\Users\MUTHAR~1\AppData\L...}, goog:chromeOptions: {debuggerAddress: localhost:58071}, javascriptEnabled: true, networkConnectionEnabled: false, pageLoadStrategy: normal, platform: WINDOWS, platformName: WINDOWS, proxy: Proxy(), setWindowRect: true, strictFileInteractability: false, timeouts: {implicit: 0, pageLoad: 300000, script: 30000}, unhandledPromptBehavior: dismiss and notify, webauthn:extension:credBlob: true, webauthn:extension:largeBlob: true, webauthn:virtualAuthenticators: true}
Session ID: 7d2ca7117f5f476c6324bcb2008cc7ef
*** Element info: {Using=xpath, value=//b[contains(text(),&apos;Sreenika12&apos;)]}" type="org.openqa.selenium.NoSuchElementException">org.openqa.selenium.NoSuchElementException: no such element: Unable to locate element: {&quot;method&quot;:&quot;xpath&quot;,&quot;selector&quot;:&quot;//b[contains(text(),&apos;Sreenika12&apos;)]&quot;}
  (Session info: chrome=94.0.4606.61)
For documentation on this error, please visit: https://www.seleniumhq.org/exceptions/no_such_element.html
Build info: version: &apos;3.141.59&apos;, revision: &apos;e82be7d358&apos;, time: &apos;2018-11-14T08:17:03&apos;
System info: host: &apos;LAPTOP-0K684P64&apos;, ip: &apos;192.168.1.5&apos;, os.name: &apos;Windows 10&apos;, os.arch: &apos;amd64&apos;, os.version: &apos;10.0&apos;, java.version: &apos;11.0.10&apos;
Driver info: org.openqa.selenium.chrome.ChromeDriver
Capabilities {acceptInsecureCerts: false, browserName: chrome, browserVersion: 94.0.4606.61, chrome: {chromedriverVersion: 94.0.4606.61 (418b78f5838ed..., userDataDir: C:\Users\MUTHAR~1\AppData\L...}, goog:chromeOptions: {debuggerAddress: localhost:58071}, javascriptEnabled: true, networkConnectionEnabled: false, pageLoadStrategy: normal, platform: WINDOWS, platformName: WINDOWS, proxy: Proxy(), setWindowRect: true, strictFileInteractability: false, timeouts: {implicit: 0, pageLoad: 300000, script: 30000}, unhandledPromptBehavior: dismiss and notify, webauthn:extension:credBlob: true, webauthn:extension:largeBlob: true, webauthn:virtualAuthenticators: true}
Session ID: 7d2ca7117f5f476c6324bcb2008cc7ef
*** Element info: {Using=xpath, value=//b[contains(text(),&apos;Sreenika12&apos;)]}
	at java.base/jdk.internal.reflect.NativeConstructorAccessorImpl.newInstance0(Native Method)
	at java.base/jdk.internal.reflect.NativeConstructorAccessorImpl.newInstance(NativeConstructorAccessorImpl.java:62)
	at java.base/jdk.internal.reflect.DelegatingConstructorAccessorImpl.newInstance(DelegatingConstructorAccessorImpl.java:45)
	at java.base/java.lang.reflect.Constructor.newInstance(Constructor.java:490)
	at org.openqa.selenium.remote.http.W3CHttpResponseCodec.createException(W3CHttpResponseCodec.java:187)
	at org.openqa.selenium.remote.http.W3CHttpResponseCodec.decode(W3CHttpResponseCodec.java:122)
	at org.openqa.selenium.remote.http.W3CHttpResponseCodec.decode(W3CHttpResponseCodec.java:49)
	at org.openqa.selenium.remote.HttpCommandExecutor.execute(HttpCommandExecutor.java:158)
	at org.openqa.selenium.remote.service.DriverCommandExecutor.execute(DriverCommandExecutor.java:83)
	at org.openqa.selenium.remote.RemoteWebDriver.execute(RemoteWebDriver.java:552)
	at org.openqa.selenium.remote.RemoteWebDriver.findElement(RemoteWebDriver.java:323)
	at org.openqa.selenium.remote.RemoteWebDriver.findElementByXPath(RemoteWebDriver.java:428)
	at org.openqa.selenium.By$ByXPath.findElement(By.java:353)
	at org.openqa.selenium.remote.RemoteWebDriver.findElement(RemoteWebDriver.java:315)
	at jdk.internal.reflect.GeneratedMethodAccessor4.invoke(Unknown Source)
	at java.base/jdk.internal.reflect.DelegatingMethodAccessorImpl.invoke(DelegatingMethodAccessorImpl.java:43)
	at java.base/java.lang.reflect.Method.invoke(Method.java:566)
	at org.openqa.selenium.support.events.EventFiringWebDriver.lambda$new$1(EventFiringWebDriver.java:105)
	at com.sun.proxy.$Proxy8.findElement(Unknown Source)
	at org.openqa.selenium.support.events.EventFiringWebDriver.findElement(EventFiringWebDriver.java:194)
	at com.genie.qa.testcases.UserPageTest.CreateNewUser(UserPageTest.java:68)
</failure>
    <system-out>Before navigating to: &apos;https://use.estdev.cloud/login&apos;
Navigated to:&apos;https://use.estdev.cloud/login&apos;
Trying to find Element By : By.id: email
Found Element By : By.id: email
Trying to find Element By : By.id: password
Found Element By : By.id: password
Trying to find Element By : By.id: btnLogin
Found Element By : By.id: btnLogin
Trying to click on: [[ChromeDriver: chrome on WINDOWS (7d2ca7117f5f476c6324bcb2008cc7ef)] -&gt; id: btnLogin]
Clicked on: [[ChromeDriver: chrome on WINDOWS (7d2ca7117f5f476c6324bcb2008cc7ef)] -&gt; id: btnLogin]
Trying to find Element By : By.xpath: //body/div[@id=&apos;app&apos;]/div[1]/div[1]/div[1]/ul[1]/div[1]/li[7]/div[1]/a[1]
Found Element By : By.xpath: //body/div[@id=&apos;app&apos;]/div[1]/div[1]/div[1]/ul[1]/div[1]/li[7]/div[1]/a[1]
Trying to click on: [[ChromeDriver: chrome on WINDOWS (7d2ca7117f5f476c6324bcb2008cc7ef)] -&gt; xpath: //body/div[@id=&apos;app&apos;]/div[1]/div[1]/div[1]/ul[1]/div[1]/li[7]/div[1]/a[1]]
Clicked on: [[ChromeDriver: chrome on WINDOWS (7d2ca7117f5f476c6324bcb2008cc7ef)] -&gt; xpath: //body/div[@id=&apos;app&apos;]/div[1]/div[1]/div[1]/ul[1]/div[1]/li[7]/div[1]/a[1]]
Trying to find Element By : By.xpath: //a[text()=&apos;User &apos;]
Found Element By : By.xpath: //a[text()=&apos;User &apos;]
Trying to click on: [[ChromeDriver: chrome on WINDOWS (7d2ca7117f5f476c6324bcb2008cc7ef)] -&gt; xpath: //a[text()=&apos;User &apos;]]
Clicked on: [[ChromeDriver: chrome on WINDOWS (7d2ca7117f5f476c6324bcb2008cc7ef)] -&gt; xpath: //a[text()=&apos;User &apos;]]
Trying to find Element By : By.xpath: //button[@id=&apos;btnNewUser&apos;]
Found Element By : By.xpath: //button[@id=&apos;btnNewUser&apos;]
Trying to click on: [[ChromeDriver: chrome on WINDOWS (7d2ca7117f5f476c6324bcb2008cc7ef)] -&gt; xpath: //button[@id=&apos;btnNewUser&apos;]]
Clicked on: [[ChromeDriver: chrome on WINDOWS (7d2ca7117f5f476c6324bcb2008cc7ef)] -&gt; xpath: //button[@id=&apos;btnNewUser&apos;]]
Trying to find Element By : By.xpath: //input[@id=&apos;fname&apos;]
Found Element By : By.xpath: //input[@id=&apos;fname&apos;]
Trying to find Element By : By.xpath: //input[@id=&apos;lname&apos;]
Found Element By : By.xpath: //input[@id=&apos;lname&apos;]
Trying to find Element By : By.xpath: //input[@id=&apos;email&apos;]
Found Element By : By.xpath: //input[@id=&apos;email&apos;]
Trying to find Element By : By.xpath: //input[@id=&apos;phone_number&apos;]
Found Element By : By.xpath: //input[@id=&apos;phone_number&apos;]
Trying to find Element By : By.xpath: //select[@id=&apos;selectCompanyUser&apos;]
Found Element By : By.xpath: //select[@id=&apos;selectCompanyUser&apos;]
Trying to click on: [[ChromeDriver: chrome on WINDOWS (7d2ca7117f5f476c6324bcb2008cc7ef)] -&gt; xpath: //select[@id=&apos;selectCompanyUser&apos;]]
Clicked on: [[ChromeDriver: chrome on WINDOWS (7d2ca7117f5f476c6324bcb2008cc7ef)] -&gt; xpath: //select[@id=&apos;selectCompanyUser&apos;]]
Trying to find Element By : By.xpath: //select[@id=&apos;selectCompanyUser&apos;]//option[text()=&quot;Est&apos;s  Firm(test)&quot;]
Found Element By : By.xpath: //select[@id=&apos;selectCompanyUser&apos;]//option[text()=&quot;Est&apos;s  Firm(test)&quot;]
Trying to click on: [[ChromeDriver: chrome on WINDOWS (7d2ca7117f5f476c6324bcb2008cc7ef)] -&gt; xpath: //select[@id=&apos;selectCompanyUser&apos;]//option[text()=&quot;Est&apos;s  Firm(test)&quot;]]
Clicked on: [[ChromeDriver: chrome on WINDOWS (7d2ca7117f5f476c6324bcb2008cc7ef)] -&gt; xpath: //select[@id=&apos;selectCompanyUser&apos;]//option[text()=&quot;Est&apos;s  Firm(test)&quot;]]
Trying to find Element By : By.xpath: //label[contains(text(),&apos;Firm User&apos;)]
Found Element By : By.xpath: //label[contains(text(),&apos;Firm User&apos;)]
Trying to click on: [[ChromeDriver: chrome on WINDOWS (7d2ca7117f5f476c6324bcb2008cc7ef)] -&gt; xpath: //label[contains(text(),&apos;Firm User&apos;)]]
Clicked on: [[ChromeDriver: chrome on WINDOWS (7d2ca7117f5f476c6324bcb2008cc7ef)] -&gt; xpath: //label[contains(text(),&apos;Firm User&apos;)]]
Trying to find Element By : By.xpath: //button[@id=&apos;saveNewUserId&apos;]
Found Element By : By.xpath: //button[@id=&apos;saveNewUserId&apos;]
Trying to click on: [[ChromeDriver: chrome on WINDOWS (7d2ca7117f5f476c6324bcb2008cc7ef)] -&gt; xpath: //button[@id=&apos;saveNewUserId&apos;]]
Clicked on: [[ChromeDriver: chrome on WINDOWS (7d2ca7117f5f476c6324bcb2008cc7ef)] -&gt; xpath: //button[@id=&apos;saveNewUserId&apos;]]
Trying to find Element By : By.xpath: //b[contains(text(),&apos;Sreenika12&apos;)]
Exception occured: org.openqa.selenium.NoSuchElementException: no such element: Unable to locate element: {&quot;method&quot;:&quot;xpath&quot;,&quot;selector&quot;:&quot;//b[contains(text(),&apos;Sreenika12&apos;)]&quot;}
  (Session info: chrome=94.0.4606.61)
For documentation on this error, please visit: https://www.seleniumhq.org/exceptions/no_such_element.html
Build info: version: &apos;3.141.59&apos;, revision: &apos;e82be7d358&apos;, time: &apos;2018-11-14T08:17:03&apos;
System info: host: &apos;LAPTOP-0K684P64&apos;, ip: &apos;192.168.1.5&apos;, os.name: &apos;Windows 10&apos;, os.arch: &apos;amd64&apos;, os.version: &apos;10.0&apos;, java.version: &apos;11.0.10&apos;
Driver info: org.openqa.selenium.chrome.ChromeDriver
Capabilities {acceptInsecureCerts: false, browserName: chrome, browserVersion: 94.0.4606.61, chrome: {chromedriverVersion: 94.0.4606.61 (418b78f5838ed..., userDataDir: C:\Users\MUTHAR~1\AppData\L...}, goog:chromeOptions: {debuggerAddress: localhost:58071}, javascriptEnabled: true, networkConnectionEnabled: false, pageLoadStrategy: normal, platform: WINDOWS, platformName: WINDOWS, proxy: Proxy(), setWindowRect: true, strictFileInteractability: false, timeouts: {implicit: 0, pageLoad: 300000, script: 30000}, unhandledPromptBehavior: dismiss and notify, webauthn:extension:credBlob: true, webauthn:extension:largeBlob: true, webauthn:virtualAuthenticators: true}
Session ID: 7d2ca7117f5f476c6324bcb2008cc7ef
*** Element info: {Using=xpath, value=//b[contains(text(),&apos;Sreenika12&apos;)]}
</system-out>
    <system-err>Starting ChromeDriver 94.0.4606.61 (418b78f5838ed0b1c69bb4e51ea0252171854915-refs/branch-heads/4606@{#1204}) on port 27579
Only local connections are allowed.
Please see https://chromedriver.chromium.org/security-considerations for suggestions on keeping ChromeDriver safe.
ChromeDriver was started successfully.
Sep 29, 2021 2:19:08 PM org.openqa.selenium.remote.ProtocolHandshake createSession
INFO: Detected dialect: W3C
</system-err>
  </testcase>
  <testcase classname="com.genie.qa.testcases.LoginPageTest" name="LoginTest" time="2.141"/>
  <testcase classname="com.genie.qa.testcases.LoginPageTest" name="LoginPageTitletest" time="0.067"/>
</testsuite>